2022-02-23 07:54:01,568 INFO Starting Nacos v2.0.3 on nacos with PID 1 (/home/nacos/target/nacos-server.jar started by root in /home/nacos)

2022-02-23 07:54:01,571 INFO The following profiles are active: standalone

2022-02-23 07:54:03,715 INFO Bean 'org.springframework.security.access.expression.method.DefaultMethodSecurityExpressionHandler@5298dead' of type [org.springframework.security.access.expression.method.DefaultMethodSecurityExpressionHandler] is not eligible for getting processed by all BeanPostProcessors (for example: not eligible for auto-proxying)

2022-02-23 07:54:03,720 INFO Bean 'methodSecurityMetadataSource' of type [org.springframework.security.access.method.DelegatingMethodSecurityMetadataSource] is not eligible for getting processed by all BeanPostProcessors (for example: not eligible for auto-proxying)

2022-02-23 07:54:03,959 INFO Tomcat initialized with port(s): 8848 (http)

2022-02-23 07:54:03,982 INFO Starting service [Tomcat]

2022-02-23 07:54:03,982 INFO Starting Servlet engine: [Apache Tomcat/9.0.38]

2022-02-23 07:54:04,165 INFO At least one JAR was scanned for TLDs yet contained no TLDs. Enable debug logging for this logger for a complete list of JARs that were scanned but no TLDs were found in them. Skipping unneeded JARs during scanning can improve startup time and JSP compilation time.

2022-02-23 07:54:04,190 INFO Initializing Spring embedded WebApplicationContext

2022-02-23 07:54:04,191 INFO Root WebApplicationContext: initialization completed in 2587 ms

2022-02-23 07:54:04,385 INFO HikariPool-1 - Starting...

2022-02-23 07:54:04,513 INFO HikariPool-1 - Start completed.

2022-02-23 07:54:04,756 INFO Nacos-related cluster resource initialization

2022-02-23 07:54:04,764 INFO The cluster resource is initialized

2022-02-23 07:54:04,784 INFO Get Distro config from env, DistroConfig{syncDelayMillis=1000, syncTimeoutMillis=3000, syncRetryDelayMillis=3000, verifyIntervalMillis=5000, verifyTimeoutMillis=3000, loadDataRetryDelayMillis=30000}

2022-02-23 07:54:05,039 INFO Reflections took 25 ms to scan 1 urls, producing 5 keys and 10 values 

2022-02-23 07:54:05,059 INFO Reflections took 3 ms to scan 1 urls, producing 4 keys and 23 values 

2022-02-23 07:54:05,067 INFO Reflections took 2 ms to scan 1 urls, producing 5 keys and 19 values 

2022-02-23 07:54:05,073 INFO Reflections took 1 ms to scan 1 urls, producing 2 keys and 12 values 

2022-02-23 07:54:05,337 INFO Reflections took 28 ms to scan 2 urls, producing 3 keys and 6 values 

2022-02-23 07:54:05,358 INFO Reflections took 19 ms to scan 2 urls, producing 4 keys and 9 values 

2022-02-23 07:54:05,377 INFO Reflections took 18 ms to scan 2 urls, producing 3 keys and 10 values 

2022-02-23 07:54:05,380 INFO Reflections took 2 ms to scan 1 urls, producing 2 keys and 2 values 

2022-02-23 07:54:05,399 INFO Reflections took 17 ms to scan 2 urls, producing 1 keys and 5 values 

2022-02-23 07:54:05,420 INFO Reflections took 20 ms to scan 2 urls, producing 1 keys and 7 values 

2022-02-23 07:54:05,444 INFO Reflections took 23 ms to scan 2 urls, producing 2 keys and 8 values 

2022-02-23 07:54:05,447 INFO Reflections took 2 ms to scan 1 urls, producing 1 keys and 1 values 

2022-02-23 07:54:06,634 INFO Initializing ExecutorService 'applicationTaskExecutor'

2022-02-23 07:54:06,744 INFO Adding welcome page: class path resource [static/index.html]

2022-02-23 07:54:07,076 INFO Creating filter chain: Ant [pattern='/**'], []

2022-02-23 07:54:07,102 INFO Creating filter chain: any request, [org.springframework.security.web.context.request.async.WebAsyncManagerIntegrationFilter@2f66f0d0, org.springframework.security.web.context.SecurityContextPersistenceFilter@4743a322, org.springframework.security.web.header.HeaderWriterFilter@407873d3, org.springframework.security.web.csrf.CsrfFilter@6438a7fe, org.springframework.security.web.authentication.logout.LogoutFilter@a565cbd, org.springframework.security.web.savedrequest.RequestCacheAwareFilter@381d7219, org.springframework.security.web.servletapi.SecurityContextHolderAwareRequestFilter@61c42416, org.springframework.security.web.authentication.AnonymousAuthenticationFilter@4d62f4c6, org.springframework.security.web.session.SessionManagementFilter@5412bfea, org.springframework.security.web.access.ExceptionTranslationFilter@4f5f6e45]

2022-02-23 07:54:07,187 INFO Initializing ExecutorService 'taskScheduler'

2022-02-23 07:54:07,206 INFO Exposing 16 endpoint(s) beneath base path '/actuator'

2022-02-23 07:54:07,319 INFO Tomcat started on port(s): 8848 (http) with context path '/nacos'

2022-02-23 07:54:07,322 INFO Started Nacos in 6.523 seconds (JVM running for 7.036)

2022-02-23 07:54:07,323 INFO Nacos started successfully in stand alone mode. use external storage

2022-02-23 08:04:05,213 WARN clearConfigHistory start

2022-02-23 08:04:05,228 INFO [capacityManagement] start correct usage

2022-02-23 08:04:05,234 INFO [capacityManagement] end correct usage, cost: 0s

2022-02-23 08:14:05,227 WARN clearConfigHistory start

2022-02-23 08:14:05,235 INFO [capacityManagement] start correct usage

2022-02-23 08:14:05,235 INFO [capacityManagement] end correct usage, cost: 0s

2022-02-23 08:24:05,231 WARN clearConfigHistory start

2022-02-23 08:24:05,236 INFO [capacityManagement] start correct usage

2022-02-23 08:24:05,237 INFO [capacityManagement] end correct usage, cost: 0s

2022-02-23 08:34:05,233 WARN clearConfigHistory start

2022-02-23 08:34:05,237 INFO [capacityManagement] start correct usage

2022-02-23 08:34:05,239 INFO [capacityManagement] end correct usage, cost: 0s

2022-02-23 08:44:05,234 WARN clearConfigHistory start

2022-02-23 08:44:05,239 INFO [capacityManagement] start correct usage

2022-02-23 08:44:05,240 INFO [capacityManagement] end correct usage, cost: 0s

2022-02-23 08:54:05,236 WARN clearConfigHistory start

2022-02-23 08:54:05,240 INFO [capacityManagement] start correct usage

2022-02-23 08:54:05,242 INFO [capacityManagement] end correct usage, cost: 0s

2022-02-23 09:04:05,238 WARN clearConfigHistory start

2022-02-23 09:04:05,242 INFO [capacityManagement] start correct usage

2022-02-23 09:04:05,243 INFO [capacityManagement] end correct usage, cost: 0s

2022-02-23 09:14:05,239 WARN clearConfigHistory start

2022-02-23 09:14:05,243 INFO [capacityManagement] start correct usage

2022-02-23 09:14:05,244 INFO [capacityManagement] end correct usage, cost: 0s

2022-02-23 09:24:05,241 WARN clearConfigHistory start

2022-02-23 09:24:05,244 INFO [capacityManagement] start correct usage

2022-02-23 09:24:05,246 INFO [capacityManagement] end correct usage, cost: 0s

2022-02-23 09:34:05,245 WARN clearConfigHistory start

2022-02-23 09:34:05,246 INFO [capacityManagement] start correct usage

2022-02-23 09:34:05,247 INFO [capacityManagement] end correct usage, cost: 0s

2022-02-23 09:44:05,247 WARN clearConfigHistory start

2022-02-23 09:44:05,247 INFO [capacityManagement] start correct usage

2022-02-23 09:44:05,249 INFO [capacityManagement] end correct usage, cost: 0s

2022-02-23 09:54:05,248 WARN clearConfigHistory start

2022-02-23 09:54:05,249 INFO [capacityManagement] start correct usage

2022-02-23 09:54:05,253 INFO [capacityManagement] end correct usage, cost: 0s

2022-02-23 10:04:05,251 WARN clearConfigHistory start

2022-02-23 10:04:05,253 INFO [capacityManagement] start correct usage

2022-02-23 10:04:05,253 INFO [capacityManagement] end correct usage, cost: 0s

2022-02-23 10:14:05,253 WARN clearConfigHistory start

2022-02-23 10:14:05,254 INFO [capacityManagement] start correct usage

2022-02-23 10:14:05,255 INFO [capacityManagement] end correct usage, cost: 0s

2022-02-23 10:24:05,255 INFO [capacityManagement] start correct usage

2022-02-23 10:24:05,255 WARN clearConfigHistory start

2022-02-23 10:24:05,258 INFO [capacityManagement] end correct usage, cost: 0s

2022-02-23 10:34:05,259 INFO [capacityManagement] start correct usage

2022-02-23 10:34:05,259 WARN clearConfigHistory start

2022-02-23 10:34:05,260 INFO [capacityManagement] end correct usage, cost: 0s

2022-02-23 10:44:05,261 INFO [capacityManagement] start correct usage

2022-02-23 10:44:05,261 WARN clearConfigHistory start

2022-02-23 10:44:05,262 INFO [capacityManagement] end correct usage, cost: 0s

2022-02-23 10:54:05,262 WARN clearConfigHistory start

2022-02-23 10:54:05,262 INFO [capacityManagement] start correct usage

2022-02-23 10:54:05,266 INFO [capacityManagement] end correct usage, cost: 0s

2022-02-23 11:04:05,265 WARN clearConfigHistory start

2022-02-23 11:04:05,266 INFO [capacityManagement] start correct usage

2022-02-23 11:04:05,267 INFO [capacityManagement] end correct usage, cost: 0s

2022-02-23 11:14:05,267 WARN clearConfigHistory start

2022-02-23 11:14:05,267 INFO [capacityManagement] start correct usage

2022-02-23 11:14:05,268 INFO [capacityManagement] end correct usage, cost: 0s

2022-02-23 11:24:05,268 WARN clearConfigHistory start

2022-02-23 11:24:05,269 INFO [capacityManagement] start correct usage

2022-02-23 11:24:05,272 INFO [capacityManagement] end correct usage, cost: 0s

2022-02-23 11:34:05,272 WARN clearConfigHistory start

2022-02-23 11:34:05,272 INFO [capacityManagement] start correct usage

2022-02-23 11:34:05,273 INFO [capacityManagement] end correct usage, cost: 0s

2022-02-23 11:44:05,274 INFO [capacityManagement] start correct usage

2022-02-23 11:44:05,274 WARN clearConfigHistory start

2022-02-23 11:44:05,275 INFO [capacityManagement] end correct usage, cost: 0s

2022-02-23 11:54:05,275 INFO [capacityManagement] start correct usage

2022-02-23 11:54:05,275 WARN clearConfigHistory start

2022-02-23 11:54:05,278 INFO [capacityManagement] end correct usage, cost: 0s

2022-02-23 12:04:05,279 INFO [capacityManagement] start correct usage

2022-02-23 12:04:05,279 WARN clearConfigHistory start

2022-02-23 12:04:05,280 INFO [capacityManagement] end correct usage, cost: 0s

2022-02-23 12:14:05,281 WARN clearConfigHistory start

2022-02-23 12:14:05,281 INFO [capacityManagement] start correct usage

2022-02-23 12:14:05,283 INFO [capacityManagement] end correct usage, cost: 0s

2022-02-23 12:24:05,282 WARN clearConfigHistory start

2022-02-23 12:24:05,283 INFO [capacityManagement] start correct usage

2022-02-23 12:24:05,288 INFO [capacityManagement] end correct usage, cost: 0s

2022-02-23 12:34:05,285 WARN clearConfigHistory start

2022-02-23 12:34:05,289 INFO [capacityManagement] start correct usage

2022-02-23 12:34:05,290 INFO [capacityManagement] end correct usage, cost: 0s

2022-02-23 12:44:05,286 WARN clearConfigHistory start

2022-02-23 12:44:05,290 INFO [capacityManagement] start correct usage

2022-02-23 12:44:05,291 INFO [capacityManagement] end correct usage, cost: 0s

2022-02-23 12:54:05,288 WARN clearConfigHistory start

2022-02-23 12:54:05,291 INFO [capacityManagement] start correct usage

2022-02-23 12:54:05,292 INFO [capacityManagement] end correct usage, cost: 0s

2022-02-23 13:04:05,290 WARN clearConfigHistory start

2022-02-23 13:04:05,292 INFO [capacityManagement] start correct usage

2022-02-23 13:04:05,293 INFO [capacityManagement] end correct usage, cost: 0s

2022-02-23 13:14:05,292 WARN clearConfigHistory start

2022-02-23 13:14:05,293 INFO [capacityManagement] start correct usage

2022-02-23 13:14:05,294 INFO [capacityManagement] end correct usage, cost: 0s

2022-02-23 13:24:05,293 WARN clearConfigHistory start

2022-02-23 13:24:05,294 INFO [capacityManagement] start correct usage

2022-02-23 13:24:05,297 INFO [capacityManagement] end correct usage, cost: 0s

2022-02-23 13:34:05,296 WARN clearConfigHistory start

2022-02-23 13:34:05,297 INFO [capacityManagement] start correct usage

2022-02-23 13:34:05,298 INFO [capacityManagement] end correct usage, cost: 0s

2022-02-23 13:44:05,298 WARN clearConfigHistory start

2022-02-23 13:44:05,298 INFO [capacityManagement] start correct usage

2022-02-23 13:44:05,299 INFO [capacityManagement] end correct usage, cost: 0s

2022-02-23 13:54:05,299 WARN clearConfigHistory start

2022-02-23 13:54:05,299 INFO [capacityManagement] start correct usage

2022-02-23 13:54:05,302 INFO [capacityManagement] end correct usage, cost: 0s

2022-02-23 14:04:05,302 WARN clearConfigHistory start

2022-02-23 14:04:05,302 INFO [capacityManagement] start correct usage

2022-02-23 14:04:05,303 INFO [capacityManagement] end correct usage, cost: 0s

2022-02-23 14:14:05,304 INFO [capacityManagement] start correct usage

2022-02-23 14:14:05,304 WARN clearConfigHistory start

2022-02-23 14:14:05,305 INFO [capacityManagement] end correct usage, cost: 0s

2022-02-23 14:24:05,306 INFO [capacityManagement] start correct usage

2022-02-23 14:24:05,306 WARN clearConfigHistory start

2022-02-23 14:24:05,308 INFO [capacityManagement] end correct usage, cost: 0s

2022-02-23 14:34:05,309 INFO [capacityManagement] start correct usage

2022-02-23 14:34:05,309 WARN clearConfigHistory start

2022-02-23 14:34:05,310 INFO [capacityManagement] end correct usage, cost: 0s

2022-02-23 14:44:05,311 INFO [capacityManagement] start correct usage

2022-02-23 14:44:05,311 WARN clearConfigHistory start

2022-02-23 14:44:05,312 INFO [capacityManagement] end correct usage, cost: 0s

2022-02-23 14:54:05,313 WARN clearConfigHistory start

2022-02-23 14:54:05,313 INFO [capacityManagement] start correct usage

2022-02-23 14:54:05,315 INFO [capacityManagement] end correct usage, cost: 0s

2022-02-23 15:04:05,315 WARN clearConfigHistory start

2022-02-23 15:04:05,316 INFO [capacityManagement] start correct usage

2022-02-23 15:04:05,317 INFO [capacityManagement] end correct usage, cost: 0s

2022-02-23 15:14:05,317 WARN clearConfigHistory start

2022-02-23 15:14:05,317 INFO [capacityManagement] start correct usage

2022-02-23 15:14:05,319 INFO [capacityManagement] end correct usage, cost: 0s

2022-02-23 15:24:05,319 WARN clearConfigHistory start

2022-02-23 15:24:05,319 INFO [capacityManagement] start correct usage

2022-02-23 15:24:05,322 INFO [capacityManagement] end correct usage, cost: 0s

2022-02-23 15:34:05,322 WARN clearConfigHistory start

2022-02-23 15:34:05,322 INFO [capacityManagement] start correct usage

2022-02-23 15:34:05,323 INFO [capacityManagement] end correct usage, cost: 0s

2022-02-23 15:44:05,324 INFO [capacityManagement] start correct usage

2022-02-23 15:44:05,323 WARN clearConfigHistory start

2022-02-23 15:44:05,325 INFO [capacityManagement] end correct usage, cost: 0s

2022-02-23 15:54:05,325 WARN clearConfigHistory start

2022-02-23 15:54:05,325 INFO [capacityManagement] start correct usage

2022-02-23 15:54:05,328 INFO [capacityManagement] end correct usage, cost: 0s

2022-02-23 16:04:05,328 WARN clearConfigHistory start

2022-02-23 16:04:05,328 INFO [capacityManagement] start correct usage

2022-02-23 16:04:05,329 INFO [capacityManagement] end correct usage, cost: 0s

2022-02-23 16:14:05,330 WARN clearConfigHistory start

2022-02-23 16:14:05,330 INFO [capacityManagement] start correct usage

2022-02-23 16:14:05,331 INFO [capacityManagement] end correct usage, cost: 0s

2022-02-23 16:24:05,331 INFO [capacityManagement] start correct usage

2022-02-23 16:24:05,331 WARN clearConfigHistory start

2022-02-23 16:24:05,334 INFO [capacityManagement] end correct usage, cost: 0s

2022-02-23 16:34:05,334 INFO [capacityManagement] start correct usage

2022-02-23 16:34:05,336 WARN clearConfigHistory start

2022-02-23 16:34:05,336 INFO [capacityManagement] end correct usage, cost: 0s

2022-02-23 16:44:05,336 INFO [capacityManagement] start correct usage

2022-02-23 16:44:05,336 WARN clearConfigHistory start

2022-02-23 16:44:05,338 INFO [capacityManagement] end correct usage, cost: 0s

2022-02-23 16:54:05,338 INFO [capacityManagement] start correct usage

2022-02-23 16:54:05,338 WARN clearConfigHistory start

2022-02-23 16:54:05,340 INFO [capacityManagement] end correct usage, cost: 0s

2022-02-23 17:04:05,341 INFO [capacityManagement] start correct usage

2022-02-23 17:04:05,342 WARN clearConfigHistory start

2022-02-23 17:04:05,343 INFO [capacityManagement] end correct usage, cost: 0s

2022-02-23 17:14:05,343 WARN clearConfigHistory start

2022-02-23 17:14:05,344 INFO [capacityManagement] start correct usage

2022-02-23 17:14:05,346 INFO [capacityManagement] end correct usage, cost: 0s

2022-02-23 17:24:05,345 WARN clearConfigHistory start

2022-02-23 17:24:05,346 INFO [capacityManagement] start correct usage

2022-02-23 17:24:05,348 INFO [capacityManagement] end correct usage, cost: 0s

2022-02-23 17:34:05,348 WARN clearConfigHistory start

2022-02-23 17:34:05,348 INFO [capacityManagement] start correct usage

2022-02-23 17:34:05,349 INFO [capacityManagement] end correct usage, cost: 0s

2022-02-23 17:44:05,350 INFO [capacityManagement] start correct usage

2022-02-23 17:44:05,350 WARN clearConfigHistory start

2022-02-23 17:44:05,351 INFO [capacityManagement] end correct usage, cost: 0s

2022-02-23 17:54:05,351 INFO [capacityManagement] start correct usage

2022-02-23 17:54:05,351 WARN clearConfigHistory start

2022-02-23 17:54:05,354 INFO [capacityManagement] end correct usage, cost: 0s

2022-02-23 18:04:05,355 INFO [capacityManagement] start correct usage

2022-02-23 18:04:05,355 WARN clearConfigHistory start

2022-02-23 18:04:05,356 INFO [capacityManagement] end correct usage, cost: 0s

2022-02-23 18:14:05,357 WARN clearConfigHistory start

2022-02-23 18:14:05,357 INFO [capacityManagement] start correct usage

2022-02-23 18:14:05,358 INFO [capacityManagement] end correct usage, cost: 0s

2022-02-23 18:24:05,359 INFO [capacityManagement] start correct usage

2022-02-23 18:24:05,359 WARN clearConfigHistory start

2022-02-23 18:24:05,360 INFO [capacityManagement] end correct usage, cost: 0s

2022-02-23 18:34:05,362 INFO [capacityManagement] start correct usage

2022-02-23 18:34:05,362 WARN clearConfigHistory start

2022-02-23 18:34:05,363 INFO [capacityManagement] end correct usage, cost: 0s

2022-02-23 18:44:05,364 INFO [capacityManagement] start correct usage

2022-02-23 18:44:05,364 WARN clearConfigHistory start

2022-02-23 18:44:05,365 INFO [capacityManagement] end correct usage, cost: 0s

2022-02-23 18:54:05,366 INFO [capacityManagement] start correct usage

2022-02-23 18:54:05,366 WARN clearConfigHistory start

2022-02-23 18:54:05,369 INFO [capacityManagement] end correct usage, cost: 0s

2022-02-23 19:04:05,369 INFO [capacityManagement] start correct usage

2022-02-23 19:04:05,369 WARN clearConfigHistory start

2022-02-23 19:04:05,370 INFO [capacityManagement] end correct usage, cost: 0s

2022-02-23 19:14:05,370 WARN clearConfigHistory start

2022-02-23 19:14:05,370 INFO [capacityManagement] start correct usage

2022-02-23 19:14:05,372 INFO [capacityManagement] end correct usage, cost: 0s

2022-02-23 19:24:05,372 INFO [capacityManagement] start correct usage

2022-02-23 19:24:05,372 WARN clearConfigHistory start

2022-02-23 19:24:05,375 INFO [capacityManagement] end correct usage, cost: 0s

2022-02-23 19:34:05,376 INFO [capacityManagement] start correct usage

2022-02-23 19:34:05,376 WARN clearConfigHistory start

2022-02-23 19:34:05,377 INFO [capacityManagement] end correct usage, cost: 0s

2022-02-23 19:44:05,377 INFO [capacityManagement] start correct usage

2022-02-23 19:44:05,377 WARN clearConfigHistory start

2022-02-23 19:44:05,379 INFO [capacityManagement] end correct usage, cost: 0s

2022-02-23 19:54:05,379 WARN clearConfigHistory start

2022-02-23 19:54:05,379 INFO [capacityManagement] start correct usage

2022-02-23 19:54:05,382 INFO [capacityManagement] end correct usage, cost: 0s

2022-02-23 20:04:05,382 WARN clearConfigHistory start

2022-02-23 20:04:05,382 INFO [capacityManagement] start correct usage

2022-02-23 20:04:05,383 INFO [capacityManagement] end correct usage, cost: 0s

2022-02-23 20:14:05,383 WARN clearConfigHistory start

2022-02-23 20:14:05,383 INFO [capacityManagement] start correct usage

2022-02-23 20:14:05,385 INFO [capacityManagement] end correct usage, cost: 0s

2022-02-23 20:24:05,385 WARN clearConfigHistory start

2022-02-23 20:24:05,385 INFO [capacityManagement] start correct usage

2022-02-23 20:24:05,388 INFO [capacityManagement] end correct usage, cost: 0s

2022-02-23 20:34:05,387 WARN clearConfigHistory start

2022-02-23 20:34:05,388 INFO [capacityManagement] start correct usage

2022-02-23 20:34:05,389 INFO [capacityManagement] end correct usage, cost: 0s

2022-02-23 20:44:05,389 WARN clearConfigHistory start

2022-02-23 20:44:05,389 INFO [capacityManagement] start correct usage

2022-02-23 20:44:05,390 INFO [capacityManagement] end correct usage, cost: 0s

2022-02-23 20:54:05,390 WARN clearConfigHistory start

2022-02-23 20:54:05,390 INFO [capacityManagement] start correct usage

2022-02-23 20:54:05,393 INFO [capacityManagement] end correct usage, cost: 0s

2022-02-23 21:04:05,393 INFO [capacityManagement] start correct usage

2022-02-23 21:04:05,393 WARN clearConfigHistory start

2022-02-23 21:04:05,395 INFO [capacityManagement] end correct usage, cost: 0s

2022-02-23 21:14:05,395 WARN clearConfigHistory start

2022-02-23 21:14:05,395 INFO [capacityManagement] start correct usage

2022-02-23 21:14:05,397 INFO [capacityManagement] end correct usage, cost: 0s

2022-02-23 21:24:05,397 WARN clearConfigHistory start

2022-02-23 21:24:05,398 INFO [capacityManagement] start correct usage

2022-02-23 21:24:05,399 INFO [capacityManagement] end correct usage, cost: 0s

2022-02-23 21:34:05,399 WARN clearConfigHistory start

2022-02-23 21:34:05,399 INFO [capacityManagement] start correct usage

2022-02-23 21:34:05,400 INFO [capacityManagement] end correct usage, cost: 0s

2022-02-23 21:44:05,400 WARN clearConfigHistory start

2022-02-23 21:44:05,400 INFO [capacityManagement] start correct usage

2022-02-23 21:44:05,403 INFO [capacityManagement] end correct usage, cost: 0s

2022-02-23 21:54:05,403 INFO [capacityManagement] start correct usage

2022-02-23 21:54:05,404 WARN clearConfigHistory start

2022-02-23 21:54:05,405 INFO [capacityManagement] end correct usage, cost: 0s

2022-02-23 22:04:05,406 WARN clearConfigHistory start

2022-02-23 22:04:05,406 INFO [capacityManagement] start correct usage

2022-02-23 22:04:05,407 INFO [capacityManagement] end correct usage, cost: 0s

2022-02-23 22:14:05,407 WARN clearConfigHistory start

2022-02-23 22:14:05,408 INFO [capacityManagement] start correct usage

2022-02-23 22:14:05,412 INFO [capacityManagement] end correct usage, cost: 0s

