2022-02-23 07:54:04,779 INFO raft peers changed: [Member{ip='nacos', port=8848, state=UP, extendInfo={raftPort=7848, version=2.0.3}}]

2022-02-23 07:54:04,794 INFO initializing Raft sub-system

2022-02-23 07:54:04,794 INFO finish loading all datums, size: 0 cost 0 ms.

2022-02-23 07:54:04,795 INFO cache loaded, datum count: 0, current term: 0

2022-02-23 07:54:04,795 INFO finish to load data from disk, cost: 1 ms.

2022-02-23 07:54:04,796 INFO timer started: leader timeout ms: 15000, heart-beat timeout ms: 5000

2022-02-23 07:54:04,858 INFO add listener: com.alibaba.nacos.naming.domains.meta.

2022-02-23 07:54:05,119 INFO add listener: com.alibaba.nacos.naming.domains.meta.00-00---000-NACOS_SWITCH_DOMAIN-000---00-00

2022-02-23 07:54:09,791 WARN start to close old raft protocol!!!

2022-02-23 07:54:09,791 WARN stop old raft protocol task for notifier

2022-02-23 07:54:09,791 WARN stop old raft protocol task for master task

2022-02-23 07:54:09,791 WARN stop old raft protocol task for heartbeat task

2022-02-23 07:54:09,791 WARN clean old cache datum for old raft

2022-02-23 07:54:09,791 WARN start to close old raft protocol!!!

2022-02-23 07:54:09,791 WARN stop old raft protocol task for notifier

2022-02-23 07:54:09,791 WARN stop old raft protocol task for master task

2022-02-23 07:54:09,791 WARN stop old raft protocol task for heartbeat task

2022-02-23 07:54:09,791 WARN clean old cache datum for old raft

2022-02-23 07:54:09,791 WARN start to move old raft protocol metadata

2022-02-23 07:54:09,792 WARN start to move old raft protocol metadata

