2022-02-23 07:54:05,153 INFO Register tps control,pointName=CONFIG_PUSH_COUNT, point=com.alibaba.nacos.core.remote.control.TpsMonitorPoint@2ba33e2c 

2022-02-23 07:54:05,156 INFO Load rule from local,pointName=CONFIG_PUSH_COUNT, ruleContent= 

2022-02-23 07:54:05,156 INFO Apply tps control rule parse start,pointName=[CONFIG_PUSH_COUNT]  

2022-02-23 07:54:05,157 INFO Clear point  control rule ,pointName=[CONFIG_PUSH_COUNT]  

2022-02-23 07:54:05,157 INFO Clear point  control rule for monitorKeys, pointName=[CONFIG_PUSH_COUNT]  

2022-02-23 07:54:05,157 INFO Register tps control,pointName=CONFIG_PUSH_SUCCESS, point=com.alibaba.nacos.core.remote.control.TpsMonitorPoint@1f193686 

2022-02-23 07:54:05,157 INFO Load rule from local,pointName=CONFIG_PUSH_SUCCESS, ruleContent= 

2022-02-23 07:54:05,157 INFO Apply tps control rule parse start,pointName=[CONFIG_PUSH_SUCCESS]  

2022-02-23 07:54:05,157 INFO Clear point  control rule ,pointName=[CONFIG_PUSH_SUCCESS]  

2022-02-23 07:54:05,158 INFO Clear point  control rule for monitorKeys, pointName=[CONFIG_PUSH_SUCCESS]  

2022-02-23 07:54:05,158 INFO Register tps control,pointName=CONFIG_PUSH_FAIL, point=com.alibaba.nacos.core.remote.control.TpsMonitorPoint@31e72cbc 

2022-02-23 07:54:05,158 INFO Load rule from local,pointName=CONFIG_PUSH_FAIL, ruleContent= 

2022-02-23 07:54:05,158 INFO Apply tps control rule parse start,pointName=[CONFIG_PUSH_FAIL]  

2022-02-23 07:54:05,158 INFO Clear point  control rule ,pointName=[CONFIG_PUSH_FAIL]  

2022-02-23 07:54:05,158 INFO Clear point  control rule for monitorKeys, pointName=[CONFIG_PUSH_FAIL]  

2022-02-23 07:54:07,287 INFO Register tps control,pointName=ConfigQuery, point=com.alibaba.nacos.core.remote.control.TpsMonitorPoint@25b52284 

2022-02-23 07:54:07,287 INFO Load rule from local,pointName=ConfigQuery, ruleContent= 

2022-02-23 07:54:07,288 INFO Apply tps control rule parse start,pointName=[ConfigQuery]  

2022-02-23 07:54:07,288 INFO Clear point  control rule ,pointName=[ConfigQuery]  

2022-02-23 07:54:07,288 INFO Clear point  control rule for monitorKeys, pointName=[ConfigQuery]  

2022-02-23 07:54:07,288 INFO Register tps control,pointName=ClusterConfigChangeNotify, point=com.alibaba.nacos.core.remote.control.TpsMonitorPoint@245ec1a6 

2022-02-23 07:54:07,288 INFO Load rule from local,pointName=ClusterConfigChangeNotify, ruleContent= 

2022-02-23 07:54:07,289 INFO Apply tps control rule parse start,pointName=[ClusterConfigChangeNotify]  

2022-02-23 07:54:07,289 INFO Clear point  control rule ,pointName=[ClusterConfigChangeNotify]  

2022-02-23 07:54:07,289 INFO Clear point  control rule for monitorKeys, pointName=[ClusterConfigChangeNotify]  

2022-02-23 07:54:07,289 INFO Register tps control,pointName=ConfigListen, point=com.alibaba.nacos.core.remote.control.TpsMonitorPoint@782be4eb 

2022-02-23 07:54:07,289 INFO Load rule from local,pointName=ConfigListen, ruleContent= 

2022-02-23 07:54:07,289 INFO Apply tps control rule parse start,pointName=[ConfigListen]  

2022-02-23 07:54:07,290 INFO Clear point  control rule ,pointName=[ConfigListen]  

2022-02-23 07:54:07,290 INFO Clear point  control rule for monitorKeys, pointName=[ConfigListen]  

2022-02-23 07:54:07,290 INFO Register tps control,pointName=ConfigRemove, point=com.alibaba.nacos.core.remote.control.TpsMonitorPoint@38792286 

2022-02-23 07:54:07,290 INFO Load rule from local,pointName=ConfigRemove, ruleContent= 

2022-02-23 07:54:07,290 INFO Apply tps control rule parse start,pointName=[ConfigRemove]  

2022-02-23 07:54:07,291 INFO Clear point  control rule ,pointName=[ConfigRemove]  

2022-02-23 07:54:07,291 INFO Clear point  control rule for monitorKeys, pointName=[ConfigRemove]  

2022-02-23 07:54:07,291 INFO Register tps control,pointName=ConfigPublish, point=com.alibaba.nacos.core.remote.control.TpsMonitorPoint@34d4860f 

2022-02-23 07:54:07,292 INFO Load rule from local,pointName=ConfigPublish, ruleContent= 

2022-02-23 07:54:07,292 INFO Apply tps control rule parse start,pointName=[ConfigPublish]  

2022-02-23 07:54:07,292 INFO Clear point  control rule ,pointName=[ConfigPublish]  

2022-02-23 07:54:07,292 INFO Clear point  control rule for monitorKeys, pointName=[ConfigPublish]  

2022-02-23 07:54:07,292 INFO Register tps control,pointName=HealthCheck, point=com.alibaba.nacos.core.remote.control.TpsMonitorPoint@665522c2 

2022-02-23 07:54:07,293 INFO Load rule from local,pointName=HealthCheck, ruleContent= 

2022-02-23 07:54:07,293 INFO Apply tps control rule parse start,pointName=[HealthCheck]  

2022-02-23 07:54:07,293 INFO Clear point  control rule ,pointName=[HealthCheck]  

2022-02-23 07:54:07,293 INFO Clear point  control rule for monitorKeys, pointName=[HealthCheck]  

